0 info it worked if it ends with ok
1 verbose cli [ '/usr/local/bin/node',
1 verbose cli   '/usr/local/bin/npm',
1 verbose cli   'install',
1 verbose cli   '-g',
1 verbose cli   'xg-htmlhint' ]
2 info using npm@2.15.8
3 info using node@v4.4.7
4 verbose install initial load of /usr/local/lib/package.json
5 verbose readDependencies loading dependencies from /usr/local/lib/package.json
6 silly cache add args [ 'xg-htmlhint', null ]
7 verbose cache add spec xg-htmlhint
8 silly cache add parsed spec Result {
8 silly cache add   raw: 'xg-htmlhint',
8 silly cache add   scope: null,
8 silly cache add   name: 'xg-htmlhint',
8 silly cache add   rawSpec: '',
8 silly cache add   spec: 'latest',
8 silly cache add   type: 'tag' }
9 silly addNamed xg-htmlhint@latest
10 verbose addNamed "latest" is being treated as a dist-tag for xg-htmlhint
11 info addNameTag [ 'xg-htmlhint', 'latest' ]
12 silly mapToRegistry name xg-htmlhint
13 silly mapToRegistry using default registry
14 silly mapToRegistry registry https://registry.npmjs.org/
15 silly mapToRegistry data Result {
15 silly mapToRegistry   raw: 'xg-htmlhint',
15 silly mapToRegistry   scope: null,
15 silly mapToRegistry   name: 'xg-htmlhint',
15 silly mapToRegistry   rawSpec: '',
15 silly mapToRegistry   spec: 'latest',
15 silly mapToRegistry   type: 'tag' }
16 silly mapToRegistry uri https://registry.npmjs.org/xg-htmlhint
17 verbose addNameTag registry:https://registry.npmjs.org/xg-htmlhint not in flight; fetching
18 verbose request uri https://registry.npmjs.org/xg-htmlhint
19 verbose request no auth needed
20 info attempt registry request try #1 at 23:52:21
21 verbose request id c3c009982d35e0ed
22 http request GET https://registry.npmjs.org/xg-htmlhint
23 http 200 https://registry.npmjs.org/xg-htmlhint
24 verbose headers { server: 'CouchDB/1.5.0 (Erlang OTP/R16B03)',
24 verbose headers   etag: '"EDJVYKGJ4S29H3N3LZ133NRZZ"',
24 verbose headers   'content-type': 'application/json',
24 verbose headers   'content-encoding': 'gzip',
24 verbose headers   'cache-control': 'max-age=300',
24 verbose headers   'content-length': '2790',
24 verbose headers   'accept-ranges': 'bytes',
24 verbose headers   date: 'Fri, 22 Jul 2016 15:52:22 GMT',
24 verbose headers   via: '1.1 varnish',
24 verbose headers   age: '0',
24 verbose headers   connection: 'keep-alive',
24 verbose headers   'x-served-by': 'cache-hkg6820-HKG',
24 verbose headers   'x-cache': 'MISS',
24 verbose headers   'x-cache-hits': '0',
24 verbose headers   'x-timer': 'S1469202741.275614,VS0,VE898',
24 verbose headers   vary: 'Accept-Encoding' }
25 silly get cb [ 200,
25 silly get   { server: 'CouchDB/1.5.0 (Erlang OTP/R16B03)',
25 silly get     etag: '"EDJVYKGJ4S29H3N3LZ133NRZZ"',
25 silly get     'content-type': 'application/json',
25 silly get     'content-encoding': 'gzip',
25 silly get     'cache-control': 'max-age=300',
25 silly get     'content-length': '2790',
25 silly get     'accept-ranges': 'bytes',
25 silly get     date: 'Fri, 22 Jul 2016 15:52:22 GMT',
25 silly get     via: '1.1 varnish',
25 silly get     age: '0',
25 silly get     connection: 'keep-alive',
25 silly get     'x-served-by': 'cache-hkg6820-HKG',
25 silly get     'x-cache': 'MISS',
25 silly get     'x-cache-hits': '0',
25 silly get     'x-timer': 'S1469202741.275614,VS0,VE898',
25 silly get     vary: 'Accept-Encoding' } ]
26 verbose get saving xg-htmlhint to /Users/Leslie/.npm/registry.npmjs.org/xg-htmlhint/.cache.json
27 verbose correctMkdir /Users/Leslie/.npm correctMkdir not in flight; initializing
28 silly addNameTag next cb for xg-htmlhint with tag latest
29 silly addNamed xg-htmlhint@0.1.0
30 verbose addNamed "0.1.0" is a plain semver version for xg-htmlhint
31 silly mapToRegistry name xg-htmlhint
32 silly mapToRegistry using default registry
33 silly mapToRegistry registry https://registry.npmjs.org/
34 silly mapToRegistry data Result {
34 silly mapToRegistry   raw: 'xg-htmlhint',
34 silly mapToRegistry   scope: null,
34 silly mapToRegistry   name: 'xg-htmlhint',
34 silly mapToRegistry   rawSpec: '',
34 silly mapToRegistry   spec: 'latest',
34 silly mapToRegistry   type: 'tag' }
35 silly mapToRegistry uri https://registry.npmjs.org/xg-htmlhint
36 verbose addRemoteTarball https://registry.npmjs.org/xg-htmlhint/-/xg-htmlhint-0.1.0.tgz not in flight; adding
37 verbose addRemoteTarball [ 'https://registry.npmjs.org/xg-htmlhint/-/xg-htmlhint-0.1.0.tgz',
37 verbose addRemoteTarball   'bddc6ca239dded4775555ada0fc27794c3951bff' ]
38 info retry fetch attempt 1 at 23:52:23
39 info attempt registry request try #1 at 23:52:23
40 http fetch GET https://registry.npmjs.org/xg-htmlhint/-/xg-htmlhint-0.1.0.tgz
41 http fetch 200 https://registry.npmjs.org/xg-htmlhint/-/xg-htmlhint-0.1.0.tgz
42 silly fetchAndShaCheck shasum bddc6ca239dded4775555ada0fc27794c3951bff
43 verbose addTmpTarball /var/folders/rx/qbj3qsqn18v16zg5k6hdb3g80000gn/T/npm-98567-c65b5ef3/registry.npmjs.org/xg-htmlhint/-/xg-htmlhint-0.1.0.tgz not in flight; adding
44 verbose addTmpTarball already have metadata; skipping unpack for xg-htmlhint@0.1.0
45 verbose correctMkdir /Users/Leslie/.npm correctMkdir not in flight; initializing
46 silly cache afterAdd xg-htmlhint@0.1.0
47 verbose afterAdd /Users/Leslie/.npm/xg-htmlhint/0.1.0/package/package.json not in flight; writing
48 verbose correctMkdir /Users/Leslie/.npm correctMkdir not in flight; initializing
49 verbose afterAdd /Users/Leslie/.npm/xg-htmlhint/0.1.0/package/package.json written
50 silly install resolved [ { name: 'xg-htmlhint',
50 silly install resolved     version: '0.1.0',
50 silly install resolved     description: 'A Static Code Analysis Tool for HTML,Fork from https://github.com/yaniswang/HTMLHint.',
50 silly install resolved     main: './index',
50 silly install resolved     dependencies: { commander: '^2.6.0', colors: '^1.0.3' },
50 silly install resolved     devDependencies:
50 silly install resolved      { 'expect.js': '0.2.0',
50 silly install resolved        grunt: '0.4.1',
50 silly install resolved        'grunt-cli': '0.1.6',
50 silly install resolved        'grunt-contrib-clean': '0.4.0',
50 silly install resolved        'grunt-contrib-concat': '0.1.3',
50 silly install resolved        'grunt-contrib-jshint': '0.3.0',
50 silly install resolved        'grunt-contrib-uglify': '0.2.0',
50 silly install resolved        'grunt-contrib-watch': '0.3.1',
50 silly install resolved        'grunt-exec': '0.4.0',
50 silly install resolved        'grunt-mocha-hack': '0.1.0',
50 silly install resolved        'grunt-replace': '0.4.0',
50 silly install resolved        mocha: '2.2.0' },
50 silly install resolved     bin: { xhtmlhint: './bin/htmlhint' },
50 silly install resolved     repository:
50 silly install resolved      { type: 'git',
50 silly install resolved        url: 'git://github.com/yangjiyuan/xg-htmlhint.git' },
50 silly install resolved     keywords: [ 'html', 'hint', 'Analysis', 'Javascript' ],
50 silly install resolved     author: { name: 'Yang Jiyuan' },
50 silly install resolved     license: 'MIT',
50 silly install resolved     gitHead: '0d65aa105258ef45bc1833615289eefd218005c3',
50 silly install resolved     bugs: { url: 'https://github.com/yangjiyuan/xg-htmlhint/issues' },
50 silly install resolved     homepage: 'https://github.com/yangjiyuan/xg-htmlhint#readme',
50 silly install resolved     _id: 'xg-htmlhint@0.1.0',
50 silly install resolved     scripts: {},
50 silly install resolved     _shasum: 'bddc6ca239dded4775555ada0fc27794c3951bff',
50 silly install resolved     _from: 'xg-htmlhint@latest',
50 silly install resolved     _npmVersion: '3.9.3',
50 silly install resolved     _nodeVersion: '6.2.1',
50 silly install resolved     _npmUser: { name: 'yangjiyuan', email: 'yjy972080142@gmail.com' },
50 silly install resolved     dist:
50 silly install resolved      { shasum: 'bddc6ca239dded4775555ada0fc27794c3951bff',
50 silly install resolved        tarball: 'https://registry.npmjs.org/xg-htmlhint/-/xg-htmlhint-0.1.0.tgz' },
50 silly install resolved     maintainers: [ [Object] ],
50 silly install resolved     _npmOperationalInternal:
50 silly install resolved      { host: 'packages-12-west.internal.npmjs.com',
50 silly install resolved        tmp: 'tmp/xg-htmlhint-0.1.0.tgz_1465897690804_0.12647361517883837' },
50 silly install resolved     directories: {},
50 silly install resolved     _resolved: 'https://registry.npmjs.org/xg-htmlhint/-/xg-htmlhint-0.1.0.tgz' } ]
51 info install xg-htmlhint@0.1.0 into /usr/local/lib
52 info installOne xg-htmlhint@0.1.0
53 verbose installOne of xg-htmlhint to /usr/local/lib not in flight; installing
54 verbose correctMkdir /Users/Leslie/.npm/_locks correctMkdir not in flight; initializing
55 verbose lock using /Users/Leslie/.npm/_locks/xg-htmlhint-5a26efa531e5b884.lock for /usr/local/lib/node_modules/xg-htmlhint
56 silly install write writing xg-htmlhint 0.1.0 to /usr/local/lib/node_modules/xg-htmlhint
57 verbose unbuild lib/node_modules/xg-htmlhint
58 silly gentlyRm /usr/local/lib/node_modules/xg-htmlhint is being purged from base /usr/local
59 verbose gentlyRm don't care about contents; nuking /usr/local/lib/node_modules/xg-htmlhint
60 verbose tar unpack /Users/Leslie/.npm/xg-htmlhint/0.1.0/package.tgz
61 verbose tar unpacking to /usr/local/lib/node_modules/xg-htmlhint
62 silly gentlyRm /usr/local/lib/node_modules/xg-htmlhint is being purged
63 verbose gentlyRm don't care about contents; nuking /usr/local/lib/node_modules/xg-htmlhint
64 silly gunzTarPerm modes [ '755', '644' ]
65 error tar.unpack untar error /Users/Leslie/.npm/xg-htmlhint/0.1.0/package.tgz
66 verbose unlock done using /Users/Leslie/.npm/_locks/xg-htmlhint-5a26efa531e5b884.lock for /usr/local/lib/node_modules/xg-htmlhint
67 verbose fstream_path /usr/local/lib/node_modules/xg-htmlhint
68 verbose fstream_type Directory
69 verbose fstream_class DirWriter
70 verbose stack Error: EACCES: permission denied, mkdir '/usr/local/lib/node_modules/xg-htmlhint'
70 verbose stack     at Error (native)
71 verbose fstream_stack /usr/local/lib/node_modules/npm/node_modules/fstream/lib/dir-writer.js:35:25
71 verbose fstream_stack /usr/local/lib/node_modules/npm/node_modules/mkdirp/index.js:47:53
71 verbose fstream_stack FSReqWrap.oncomplete (fs.js:82:15)
72 verbose cwd /Users/Leslie/Desktop/css教程/2016-3-27/作业/小米网
73 error Darwin 15.0.0
74 error argv "/usr/local/bin/node" "/usr/local/bin/npm" "install" "-g" "xg-htmlhint"
75 error node v4.4.7
76 error npm  v2.15.8
77 error path /usr/local/lib/node_modules/xg-htmlhint
78 error code EACCES
79 error errno -13
80 error syscall mkdir
81 error Error: EACCES: permission denied, mkdir '/usr/local/lib/node_modules/xg-htmlhint'
81 error     at Error (native)
81 error  { [Error: EACCES: permission denied, mkdir '/usr/local/lib/node_modules/xg-htmlhint']
81 error   errno: -13,
81 error   code: 'EACCES',
81 error   syscall: 'mkdir',
81 error   path: '/usr/local/lib/node_modules/xg-htmlhint',
81 error   fstream_type: 'Directory',
81 error   fstream_path: '/usr/local/lib/node_modules/xg-htmlhint',
81 error   fstream_class: 'DirWriter',
81 error   fstream_stack:
81 error    [ '/usr/local/lib/node_modules/npm/node_modules/fstream/lib/dir-writer.js:35:25',
81 error      '/usr/local/lib/node_modules/npm/node_modules/mkdirp/index.js:47:53',
81 error      'FSReqWrap.oncomplete (fs.js:82:15)' ] }
82 error Please try running this command again as root/Administrator.
83 verbose exit [ -13, true ]
84 verbose unbuild lib/node_modules/xg-htmlhint
85 silly gentlyRm /usr/local/lib/node_modules/xg-htmlhint is being purged from base /usr/local
86 verbose gentlyRm don't care about contents; nuking /usr/local/lib/node_modules/xg-htmlhint
